2024-05-09 06:50:17 INFO  TC001_AccountRegistrationTest:15 - ***** Starting TC001_AccountRegistrationTest  ****
2024-05-09 06:50:17 INFO  TC001_AccountRegistrationTest:21 - Clicked on MyAccount Link.. 
2024-05-09 06:50:18 INFO  TC001_AccountRegistrationTest:24 - Clicked on Register Link.. 
2024-05-09 06:50:18 INFO  TC001_AccountRegistrationTest:28 - Providing customer details...
2024-05-09 06:50:19 INFO  TC001_AccountRegistrationTest:42 - Validating expected message..
2024-05-09 06:50:19 INFO  TC001_AccountRegistrationTest:47 - Test passed
2024-05-09 06:50:19 INFO  TC001_AccountRegistrationTest:56 - ***** Finished TC001_AccountRegistrationTest *****
2024-05-09 06:50:23 INFO  TC002_LoginTest:16 - ****** Startign TC_002_LoginTest *****
2024-05-09 06:50:25 INFO  TC002_LoginTest:41 - ****** Finished TC_002_LoginTest *****
2024-05-09 07:07:24 INFO  TC001_AccountRegistrationTest:15 - ***** Starting TC001_AccountRegistrationTest  ****
2024-05-09 07:07:24 INFO  TC001_AccountRegistrationTest:21 - Clicked on MyAccount Link.. 
2024-05-09 07:07:24 INFO  TC001_AccountRegistrationTest:24 - Clicked on Register Link.. 
2024-05-09 07:07:24 INFO  TC001_AccountRegistrationTest:28 - Providing customer details...
2024-05-09 07:07:26 INFO  TC001_AccountRegistrationTest:42 - Validating expected message..
2024-05-09 07:07:26 INFO  TC001_AccountRegistrationTest:47 - Test passed
2024-05-09 07:07:26 INFO  TC001_AccountRegistrationTest:56 - ***** Finished TC001_AccountRegistrationTest *****
2024-05-09 07:07:30 INFO  TC002_LoginTest:16 - ****** Startign TC_002_LoginTest *****
2024-05-09 07:07:32 INFO  TC002_LoginTest:41 - ****** Finished TC_002_LoginTest *****
2024-05-09 07:10:46 INFO  TC001_AccountRegistrationTest:15 - ***** Starting TC001_AccountRegistrationTest  ****
2024-05-09 07:10:46 INFO  TC001_AccountRegistrationTest:21 - Clicked on MyAccount Link.. 
2024-05-09 07:10:47 INFO  TC001_AccountRegistrationTest:24 - Clicked on Register Link.. 
2024-05-09 07:10:47 INFO  TC001_AccountRegistrationTest:28 - Providing customer details...
2024-05-09 07:10:48 INFO  TC001_AccountRegistrationTest:42 - Validating expected message..
2024-05-09 07:10:48 INFO  TC001_AccountRegistrationTest:47 - Test passed
2024-05-09 07:10:48 INFO  TC001_AccountRegistrationTest:56 - ***** Finished TC001_AccountRegistrationTest *****
2024-05-09 07:10:53 INFO  TC002_LoginTest:16 - ****** Startign TC_002_LoginTest *****
2024-05-09 07:10:55 INFO  TC002_LoginTest:41 - ****** Finished TC_002_LoginTest *****
2024-07-13 12:13:09 INFO  Utils:112 - [TestNG] Running:
  F:\OpencartV121\grouping.xml

2024-07-13 12:13:27 INFO  TC001_AccountRegistrationTest:15 - ***** Starting TC001_AccountRegistrationTest  ****
2024-07-13 12:13:29 INFO  TC001_AccountRegistrationTest:21 - Clicked on MyAccount Link.. 
2024-07-13 12:13:31 INFO  TC001_AccountRegistrationTest:24 - Clicked on Register Link.. 
2024-07-13 12:13:32 INFO  TC001_AccountRegistrationTest:28 - Providing customer details...
2024-07-13 12:13:35 INFO  TC001_AccountRegistrationTest:42 - Validating expected message..
2024-07-13 12:13:35 INFO  TC001_AccountRegistrationTest:47 - Test passed
2024-07-13 12:13:35 INFO  TC001_AccountRegistrationTest:56 - ***** Finished TC001_AccountRegistrationTest *****
2024-07-13 12:13:44 INFO  TC002_LoginTest:16 - ****** Startign TC_002_LoginTest *****
2024-07-13 12:13:48 INFO  TC002_LoginTest:41 - ****** Finished TC_002_LoginTest *****
2024-07-13 12:15:10 INFO  Utils:112 - [TestNG] Running:
  F:\OpencartV121\grouping.xml

2024-07-13 12:15:19 INFO  TC002_LoginTest:16 - ****** Startign TC_002_LoginTest *****
2024-07-13 12:15:24 INFO  TC002_LoginTest:41 - ****** Finished TC_002_LoginTest *****
2024-07-13 12:47:32 INFO  Utils:112 - [TestNG] Running:
  F:\OpencartV121\crossbrowsertesting.xml

2024-07-13 12:47:54 INFO  TC001_AccountRegistrationTest:15 - ***** Starting TC001_AccountRegistrationTest  ****
2024-07-13 12:48:01 INFO  TC001_AccountRegistrationTest:21 - Clicked on MyAccount Link.. 
2024-07-13 12:48:05 INFO  TC001_AccountRegistrationTest:24 - Clicked on Register Link.. 
2024-07-13 12:48:05 INFO  TC001_AccountRegistrationTest:28 - Providing customer details...
2024-07-13 12:48:16 ERROR TC001_AccountRegistrationTest:51 - Test failed: no such element: Unable to locate element: {"method":"xpath","selector":"//input[@id='input-firstname']"}
  (Session info: MicrosoftEdge=126.0.2592.102)
For documentation on this error, please visit: https://www.selenium.dev/documentation/webdriver/troubleshooting/errors#no-such-element-exception
Build info: version: '4.20.0', revision: '866c76ca80'
System info: os.name: 'Windows 10', os.arch: 'amd64', os.version: '10.0', java.version: '22'
Driver info: org.openqa.selenium.edge.EdgeDriver
Command: [d2fafc3a50909a6d335d9757802fcc34, findElement {value=//input[@id='input-firstname'], using=xpath}]
Capabilities {acceptInsecureCerts: false, browserName: MicrosoftEdge, browserVersion: 126.0.2592.102, fedcm:accounts: true, ms:edgeOptions: {debuggerAddress: localhost:62699}, msedge: {msedgedriverVersion: 126.0.2592.102 (720b5d614be..., userDataDir: C:\Users\hp\AppData\Local\T...}, networkConnectionEnabled: false, pageLoadStrategy: normal, platformName: windows, proxy: Proxy(), se:cdp: ws://localhost:62699/devtoo..., se:cdpVersion: 126.0.2592.102, setWindowRect: true, strictFileInteractability: false, timeouts: {implicit: 0, pageLoad: 300000, script: 30000}, unhandledPromptBehavior: dismiss and notify, webauthn:extension:credBlob: true, webauthn:extension:largeBlob: true, webauthn:extension:minPinLength: true, webauthn:extension:prf: true, webauthn:virtualAuthenticators: true}
Session ID: d2fafc3a50909a6d335d9757802fcc34
2024-07-13 12:48:16 INFO  TC001_AccountRegistrationTest:56 - ***** Finished TC001_AccountRegistrationTest *****
2024-07-13 12:48:17 INFO  TC001_AccountRegistrationTest:15 - ***** Starting TC001_AccountRegistrationTest  ****
2024-07-13 12:48:18 INFO  TC001_AccountRegistrationTest:21 - Clicked on MyAccount Link.. 
2024-07-13 12:48:21 ERROR TC001_AccountRegistrationTest:51 - Test failed: Error communicating with the remote browser. It may have died.
Build info: version: '4.20.0', revision: '866c76ca80'
System info: os.name: 'Windows 10', os.arch: 'amd64', os.version: '10.0', java.version: '22'
Driver info: org.openqa.selenium.edge.EdgeDriver
Command: [d2fafc3a50909a6d335d9757802fcc34, findElement [value, using]]
Capabilities {acceptInsecureCerts: false, browserName: MicrosoftEdge, browserVersion: 126.0.2592.102, fedcm:accounts: true, ms:edgeOptions: {debuggerAddress: localhost:62699}, msedge: {msedgedriverVersion: 126.0.2592.102 (720b5d614be..., userDataDir: C:\Users\hp\AppData\Local\T...}, networkConnectionEnabled: false, pageLoadStrategy: normal, platformName: windows, proxy: Proxy(), se:cdp: ws://localhost:62699/devtoo..., se:cdpVersion: 126.0.2592.102, setWindowRect: true, strictFileInteractability: false, timeouts: {implicit: 0, pageLoad: 300000, script: 30000}, unhandledPromptBehavior: dismiss and notify, webauthn:extension:credBlob: true, webauthn:extension:largeBlob: true, webauthn:extension:minPinLength: true, webauthn:extension:prf: true, webauthn:virtualAuthenticators: true}
Session ID: d2fafc3a50909a6d335d9757802fcc34
2024-07-13 12:48:21 INFO  TC001_AccountRegistrationTest:56 - ***** Finished TC001_AccountRegistrationTest *****
2024-07-13 12:48:37 INFO  TC001_AccountRegistrationTest:15 - ***** Starting TC001_AccountRegistrationTest  ****
2024-07-13 12:48:37 INFO  TC001_AccountRegistrationTest:21 - Clicked on MyAccount Link.. 
2024-07-13 12:48:40 INFO  TC001_AccountRegistrationTest:24 - Clicked on Register Link.. 
2024-07-13 12:48:40 INFO  TC001_AccountRegistrationTest:28 - Providing customer details...
2024-07-13 12:48:45 INFO  TC001_AccountRegistrationTest:42 - Validating expected message..
2024-07-13 12:48:45 INFO  TC001_AccountRegistrationTest:47 - Test passed
2024-07-13 12:48:45 INFO  TC001_AccountRegistrationTest:56 - ***** Finished TC001_AccountRegistrationTest *****
2024-07-13 15:39:31 INFO  Utils:112 - [TestNG] Running:
  F:\OpencartV121\master.xml

2024-07-13 15:40:21 INFO  Utils:112 - [TestNG] Running:
  F:\OpencartV121\master.xml

2024-07-13 15:40:34 INFO  TC001_AccountRegistrationTest:15 - ***** Starting TC001_AccountRegistrationTest  ****
2024-07-13 15:40:35 INFO  TC001_AccountRegistrationTest:22 - Clicked on MyAccount Link.. 
2024-07-13 15:40:37 INFO  TC001_AccountRegistrationTest:25 - Clicked on Register Link.. 
2024-07-13 15:40:37 INFO  TC001_AccountRegistrationTest:29 - Providing customer details...
2024-07-13 15:40:40 INFO  TC001_AccountRegistrationTest:43 - Validating expected message..
2024-07-13 15:40:40 INFO  TC001_AccountRegistrationTest:48 - Test passed
2024-07-13 15:40:40 INFO  TC001_AccountRegistrationTest:57 - ***** Finished TC001_AccountRegistrationTest *****
2024-07-13 15:40:48 INFO  TC002_LoginTest:16 - ****** Startign TC_002_LoginTest *****
2024-07-13 15:40:52 INFO  TC002_LoginTest:41 - ****** Finished TC_002_LoginTest *****
2024-07-13 16:36:45 INFO  Utils:112 - [TestNG] Running:
  F:\OpencartV121\master.xml

2024-07-13 16:37:01 INFO  TC001_AccountRegistrationTest:15 - ***** Starting TC001_AccountRegistrationTest  ****
2024-07-13 16:37:02 INFO  TC001_AccountRegistrationTest:22 - Clicked on MyAccount Link.. 
2024-07-13 16:37:03 INFO  TC001_AccountRegistrationTest:25 - Clicked on Register Link.. 
2024-07-13 16:37:03 INFO  TC001_AccountRegistrationTest:29 - Providing customer details...
2024-07-13 16:37:06 INFO  TC001_AccountRegistrationTest:43 - Validating expected message..
2024-07-13 16:37:06 INFO  TC001_AccountRegistrationTest:48 - Test passed
2024-07-13 16:37:06 INFO  TC001_AccountRegistrationTest:57 - ***** Finished TC001_AccountRegistrationTest *****
2024-07-13 16:37:14 INFO  TC002_LoginTest:16 - ****** Startign TC_002_LoginTest *****
2024-07-13 16:37:19 INFO  TC002_LoginTest:41 - ****** Finished TC_002_LoginTest *****
2024-07-13 16:39:14 DEBUG TestNG:82 - suiteXmlPath: "F:\OpencartV121\master.xml"
2024-07-13 16:39:15 INFO  Utils:112 - [TestNG] Running:
  F:\OpencartV121\master.xml

2024-07-13 16:39:25 INFO  TC001_AccountRegistrationTest:15 - ***** Starting TC001_AccountRegistrationTest  ****
2024-07-13 16:39:25 DEBUG TC001_AccountRegistrationTest:16 - This is a debug log message
2024-07-13 16:39:26 INFO  TC001_AccountRegistrationTest:22 - Clicked on MyAccount Link.. 
2024-07-13 16:39:27 INFO  TC001_AccountRegistrationTest:25 - Clicked on Register Link.. 
2024-07-13 16:39:27 INFO  TC001_AccountRegistrationTest:29 - Providing customer details...
2024-07-13 16:39:30 INFO  TC001_AccountRegistrationTest:43 - Validating expected message..
2024-07-13 16:39:30 INFO  TC001_AccountRegistrationTest:48 - Test passed
2024-07-13 16:39:30 INFO  TC001_AccountRegistrationTest:57 - ***** Finished TC001_AccountRegistrationTest *****
2024-07-13 16:39:37 INFO  TC002_LoginTest:16 - ****** Startign TC_002_LoginTest *****
2024-07-13 16:39:40 INFO  TC002_LoginTest:41 - ****** Finished TC_002_LoginTest *****
2024-07-13 17:17:42 DEBUG TestNG:82 - suiteXmlPath: "F:\OpencartV121\master.xml"
2024-07-13 17:17:42 INFO  Utils:112 - [TestNG] Running:
  F:\OpencartV121\master.xml

2024-07-13 17:17:57 INFO  TC001_AccountRegistrationTest:15 - ***** Starting TC001_AccountRegistrationTest  ****
2024-07-13 17:17:57 DEBUG TC001_AccountRegistrationTest:16 - This is a debug log message
2024-07-13 17:17:58 INFO  TC001_AccountRegistrationTest:22 - Clicked on MyAccount Link.. 
2024-07-13 17:18:00 INFO  TC001_AccountRegistrationTest:25 - Clicked on Register Link.. 
2024-07-13 17:18:00 INFO  TC001_AccountRegistrationTest:29 - Providing customer details...
2024-07-13 17:18:04 INFO  TC001_AccountRegistrationTest:43 - Validating expected message..
2024-07-13 17:18:04 INFO  TC001_AccountRegistrationTest:48 - Test passed
2024-07-13 17:18:04 INFO  TC001_AccountRegistrationTest:57 - ***** Finished TC001_AccountRegistrationTest *****
2024-07-13 17:18:11 INFO  TC002_LoginTest:16 - ****** Startign TC_002_LoginTest *****
2024-07-13 17:18:15 INFO  TC002_LoginTest:41 - ****** Finished TC_002_LoginTest *****
2024-07-13 18:25:38 DEBUG TestNG:82 - suiteXmlPath: "F:\OpencartV121\master.xml"
2024-07-13 18:25:39 TRACE Graph:52 - [Graph] ADDING NODE BaseClass.setup(java.lang.String,java.lang.String)[pri:0, instance:null] -1422203584
2024-07-13 18:25:39 TRACE Graph:52 - [Graph] ================ SORTING
2024-07-13 18:25:39 TRACE Graph:52 - [Graph] =============== DONE SORTING
2024-07-13 18:25:39 TRACE Graph:52 - [Graph] ====== SORTED NODES
2024-07-13 18:25:39 TRACE Graph:52 - [Graph] ====== END SORTED NODES
2024-07-13 18:25:39 TRACE Graph:52 - [Graph] ADDING NODE BaseClass.tearDown()[pri:0, instance:null] 829687191
2024-07-13 18:25:39 TRACE Graph:52 - [Graph] ================ SORTING
2024-07-13 18:25:39 TRACE Graph:52 - [Graph] =============== DONE SORTING
2024-07-13 18:25:39 TRACE Graph:52 - [Graph] ====== SORTED NODES
2024-07-13 18:25:39 TRACE Graph:52 - [Graph] ====== END SORTED NODES
2024-07-13 18:25:39 TRACE Graph:52 - [Graph] ADDING NODE BaseClass.setup(java.lang.String,java.lang.String)[pri:0, instance:null] -1422203584
2024-07-13 18:25:39 TRACE Graph:52 - [Graph] ================ SORTING
2024-07-13 18:25:39 TRACE Graph:52 - [Graph] =============== DONE SORTING
2024-07-13 18:25:39 TRACE Graph:52 - [Graph] ====== SORTED NODES
2024-07-13 18:25:39 TRACE Graph:52 - [Graph] ====== END SORTED NODES
2024-07-13 18:25:39 TRACE Graph:52 - [Graph] ADDING NODE BaseClass.tearDown()[pri:0, instance:null] 829687191
2024-07-13 18:25:39 TRACE Graph:52 - [Graph] ================ SORTING
2024-07-13 18:25:39 TRACE Graph:52 - [Graph] =============== DONE SORTING
2024-07-13 18:25:39 TRACE Graph:52 - [Graph] ====== SORTED NODES
2024-07-13 18:25:39 TRACE Graph:52 - [Graph] ====== END SORTED NODES
2024-07-13 18:25:39 TRACE Graph:52 - [Graph] ADDING NODE TC001_AccountRegistrationTest.verify_account_registration()[pri:0, instance:testCases.TC001_AccountRegistrationTest@488eb7f2] 1218086212
2024-07-13 18:25:39 TRACE Graph:52 - [Graph] ADDING NODE TC002_LoginTest.verify_login()[pri:0, instance:testCases.TC002_LoginTest@3fa2213] -1233353645
2024-07-13 18:25:39 TRACE Graph:52 - [Graph] ================ SORTING
2024-07-13 18:25:39 TRACE Graph:52 - [Graph] =============== DONE SORTING
2024-07-13 18:25:39 TRACE Graph:52 - [Graph] ====== SORTED NODES
2024-07-13 18:25:39 TRACE Graph:52 - [Graph] ====== END SORTED NODES
2024-07-13 18:25:39 INFO  Utils:112 - [TestNG] Running:
  F:\OpencartV121\master.xml

2024-07-13 18:25:59 INFO  TC001_AccountRegistrationTest:15 - ***** Starting TC001_AccountRegistrationTest  ****
2024-07-13 18:25:59 DEBUG TC001_AccountRegistrationTest:16 - This is a debug log message
2024-07-13 18:26:01 INFO  TC001_AccountRegistrationTest:22 - Clicked on MyAccount Link.. 
2024-07-13 18:26:03 INFO  TC001_AccountRegistrationTest:25 - Clicked on Register Link.. 
2024-07-13 18:26:03 INFO  TC001_AccountRegistrationTest:29 - Providing customer details...
2024-07-13 18:26:06 INFO  TC001_AccountRegistrationTest:43 - Validating expected message..
2024-07-13 18:26:06 INFO  TC001_AccountRegistrationTest:48 - Test passed
2024-07-13 18:26:06 INFO  TC001_AccountRegistrationTest:57 - ***** Finished TC001_AccountRegistrationTest *****
2024-07-13 18:26:15 INFO  TC002_LoginTest:16 - ****** Startign TC_002_LoginTest *****
2024-07-13 18:26:19 INFO  TC002_LoginTest:41 - ****** Finished TC_002_LoginTest *****
2024-07-13 19:08:31 DEBUG TestNG:82 - suiteXmlPath: "F:\OpencartV121\master.xml"
2024-07-13 19:08:32 TRACE Graph:52 - [Graph] ADDING NODE BaseClass.setup(java.lang.String,java.lang.String)[pri:0, instance:null] -1422203584
2024-07-13 19:08:32 TRACE Graph:52 - [Graph] ================ SORTING
2024-07-13 19:08:32 TRACE Graph:52 - [Graph] =============== DONE SORTING
2024-07-13 19:08:32 TRACE Graph:52 - [Graph] ====== SORTED NODES
2024-07-13 19:08:32 TRACE Graph:52 - [Graph] ====== END SORTED NODES
2024-07-13 19:08:32 TRACE Graph:52 - [Graph] ADDING NODE BaseClass.tearDown()[pri:0, instance:null] 829687191
2024-07-13 19:08:32 TRACE Graph:52 - [Graph] ================ SORTING
2024-07-13 19:08:32 TRACE Graph:52 - [Graph] =============== DONE SORTING
2024-07-13 19:08:32 TRACE Graph:52 - [Graph] ====== SORTED NODES
2024-07-13 19:08:32 TRACE Graph:52 - [Graph] ====== END SORTED NODES
2024-07-13 19:08:32 TRACE Graph:52 - [Graph] ADDING NODE BaseClass.setup(java.lang.String,java.lang.String)[pri:0, instance:null] -1422203584
2024-07-13 19:08:32 TRACE Graph:52 - [Graph] ================ SORTING
2024-07-13 19:08:32 TRACE Graph:52 - [Graph] =============== DONE SORTING
2024-07-13 19:08:32 TRACE Graph:52 - [Graph] ====== SORTED NODES
2024-07-13 19:08:32 TRACE Graph:52 - [Graph] ====== END SORTED NODES
2024-07-13 19:08:32 TRACE Graph:52 - [Graph] ADDING NODE BaseClass.tearDown()[pri:0, instance:null] 829687191
2024-07-13 19:08:32 TRACE Graph:52 - [Graph] ================ SORTING
2024-07-13 19:08:32 TRACE Graph:52 - [Graph] =============== DONE SORTING
2024-07-13 19:08:32 TRACE Graph:52 - [Graph] ====== SORTED NODES
2024-07-13 19:08:32 TRACE Graph:52 - [Graph] ====== END SORTED NODES
2024-07-13 19:08:32 TRACE Graph:52 - [Graph] ADDING NODE TC001_AccountRegistrationTest.verify_account_registration()[pri:0, instance:testCases.TC001_AccountRegistrationTest@488eb7f2] 1218086212
2024-07-13 19:08:32 TRACE Graph:52 - [Graph] ADDING NODE TC002_LoginTest.verify_login()[pri:0, instance:testCases.TC002_LoginTest@3fa2213] -1233353645
2024-07-13 19:08:32 TRACE Graph:52 - [Graph] ================ SORTING
2024-07-13 19:08:32 TRACE Graph:52 - [Graph] =============== DONE SORTING
2024-07-13 19:08:32 TRACE Graph:52 - [Graph] ====== SORTED NODES
2024-07-13 19:08:32 TRACE Graph:52 - [Graph] ====== END SORTED NODES
2024-07-13 19:08:32 INFO  Utils:112 - [TestNG] Running:
  F:\OpencartV121\master.xml

2024-07-13 19:08:49 INFO  TC001_AccountRegistrationTest:15 - ***** Starting TC001_AccountRegistrationTest  ****
2024-07-13 19:08:49 DEBUG TC001_AccountRegistrationTest:16 - This is a debug log message
2024-07-13 19:08:49 INFO  TC001_AccountRegistrationTest:22 - Clicked on MyAccount Link.. 
2024-07-13 19:08:51 INFO  TC001_AccountRegistrationTest:25 - Clicked on Register Link.. 
2024-07-13 19:08:51 INFO  TC001_AccountRegistrationTest:29 - Providing customer details...
2024-07-13 19:08:55 INFO  TC001_AccountRegistrationTest:43 - Validating expected message..
2024-07-13 19:08:55 INFO  TC001_AccountRegistrationTest:48 - Test passed
2024-07-13 19:08:55 INFO  TC001_AccountRegistrationTest:57 - ***** Finished TC001_AccountRegistrationTest *****
2024-07-13 19:09:03 INFO  TC002_LoginTest:16 - ****** Startign TC_002_LoginTest *****
2024-07-13 19:09:07 INFO  TC002_LoginTest:41 - ****** Finished TC_002_LoginTest *****
2024-07-13 19:12:19 DEBUG TestNG:82 - suiteXmlPath: "F:\OpencartV121\master.xml"
2024-07-13 19:12:19 TRACE Graph:52 - [Graph] ADDING NODE BaseClass.setup(java.lang.String,java.lang.String)[pri:0, instance:null] -1422203584
2024-07-13 19:12:19 TRACE Graph:52 - [Graph] ================ SORTING
2024-07-13 19:12:19 TRACE Graph:52 - [Graph] =============== DONE SORTING
2024-07-13 19:12:19 TRACE Graph:52 - [Graph] ====== SORTED NODES
2024-07-13 19:12:19 TRACE Graph:52 - [Graph] ====== END SORTED NODES
2024-07-13 19:12:19 TRACE Graph:52 - [Graph] ADDING NODE BaseClass.tearDown()[pri:0, instance:null] 829687191
2024-07-13 19:12:19 TRACE Graph:52 - [Graph] ================ SORTING
2024-07-13 19:12:19 TRACE Graph:52 - [Graph] =============== DONE SORTING
2024-07-13 19:12:19 TRACE Graph:52 - [Graph] ====== SORTED NODES
2024-07-13 19:12:19 TRACE Graph:52 - [Graph] ====== END SORTED NODES
2024-07-13 19:12:19 TRACE Graph:52 - [Graph] ADDING NODE TC002_LoginTest.verify_login()[pri:0, instance:testCases.TC002_LoginTest@1021f6c9] -1029416695
2024-07-13 19:12:19 TRACE Graph:52 - [Graph] ================ SORTING
2024-07-13 19:12:19 TRACE Graph:52 - [Graph] =============== DONE SORTING
2024-07-13 19:12:19 TRACE Graph:52 - [Graph] ====== SORTED NODES
2024-07-13 19:12:19 TRACE Graph:52 - [Graph] ====== END SORTED NODES
2024-07-13 19:12:19 INFO  Utils:112 - [TestNG] Running:
  F:\OpencartV121\master.xml

2024-07-13 19:12:23 TRACE Graph:52 - [Graph] ADDING NODE TC002_LoginTest.verify_login()[pri:0, instance:testCases.TC002_LoginTest@1021f6c9] -1029416695
2024-07-13 19:12:23 TRACE Graph:52 - [Graph] ================ SORTING
2024-07-13 19:12:23 TRACE Graph:52 - [Graph] =============== DONE SORTING
2024-07-13 19:12:23 TRACE Graph:52 - [Graph] ====== SORTED NODES
2024-07-13 19:12:23 TRACE Graph:52 - [Graph] ====== END SORTED NODES
2024-07-13 20:14:06 DEBUG TestNG:82 - suiteXmlPath: "F:\OpencartV121\test-output\testng-failed.xml"
2024-07-13 20:14:07 TRACE Graph:52 - [Graph] ADDING NODE BaseClass.setup(java.lang.String,java.lang.String)[pri:0, instance:null] -1422203584
2024-07-13 20:14:07 TRACE Graph:52 - [Graph] ================ SORTING
2024-07-13 20:14:07 TRACE Graph:52 - [Graph] =============== DONE SORTING
2024-07-13 20:14:07 TRACE Graph:52 - [Graph] ====== SORTED NODES
2024-07-13 20:14:07 TRACE Graph:52 - [Graph] ====== END SORTED NODES
2024-07-13 20:14:08 TRACE Graph:52 - [Graph] ADDING NODE BaseClass.tearDown()[pri:0, instance:null] 829687191
2024-07-13 20:14:08 TRACE Graph:52 - [Graph] ================ SORTING
2024-07-13 20:14:08 TRACE Graph:52 - [Graph] =============== DONE SORTING
2024-07-13 20:14:08 TRACE Graph:52 - [Graph] ====== SORTED NODES
2024-07-13 20:14:08 TRACE Graph:52 - [Graph] ====== END SORTED NODES
2024-07-13 20:14:08 TRACE Graph:52 - [Graph] ADDING NODE TC002_LoginTest.verify_login()[pri:0, instance:testCases.TC002_LoginTest@4189d70b] -200525493
2024-07-13 20:14:08 TRACE Graph:52 - [Graph] ================ SORTING
2024-07-13 20:14:08 TRACE Graph:52 - [Graph] =============== DONE SORTING
2024-07-13 20:14:08 TRACE Graph:52 - [Graph] ====== SORTED NODES
2024-07-13 20:14:08 TRACE Graph:52 - [Graph] ====== END SORTED NODES
2024-07-13 20:14:08 INFO  Utils:112 - [TestNG] Running:
  F:\OpencartV121\test-output\testng-failed.xml

2024-07-13 20:14:27 INFO  TC002_LoginTest:16 - ****** Startign TC_002_LoginTest *****
2024-07-13 20:14:33 INFO  TC002_LoginTest:41 - ****** Finished TC_002_LoginTest *****
2024-07-13 21:09:48 DEBUG TestNG:82 - suiteXmlPath: "F:\OpencartV121\master.xml"
2024-07-13 21:09:49 TRACE Graph:52 - [Graph] ADDING NODE BaseClass.setup(java.lang.String,java.lang.String)[pri:0, instance:null] -1422203584
2024-07-13 21:09:49 TRACE Graph:52 - [Graph] ================ SORTING
2024-07-13 21:09:49 TRACE Graph:52 - [Graph] =============== DONE SORTING
2024-07-13 21:09:49 TRACE Graph:52 - [Graph] ====== SORTED NODES
2024-07-13 21:09:49 TRACE Graph:52 - [Graph] ====== END SORTED NODES
2024-07-13 21:09:49 TRACE Graph:52 - [Graph] ADDING NODE BaseClass.tearDown()[pri:0, instance:null] 829687191
2024-07-13 21:09:49 TRACE Graph:52 - [Graph] ================ SORTING
2024-07-13 21:09:49 TRACE Graph:52 - [Graph] =============== DONE SORTING
2024-07-13 21:09:49 TRACE Graph:52 - [Graph] ====== SORTED NODES
2024-07-13 21:09:49 TRACE Graph:52 - [Graph] ====== END SORTED NODES
2024-07-13 21:09:49 TRACE Graph:52 - [Graph] ADDING NODE TC002_LoginTest.verify_login()[pri:0, instance:testCases.TC002_LoginTest@1021f6c9] -1029416695
2024-07-13 21:09:49 TRACE Graph:52 - [Graph] ================ SORTING
2024-07-13 21:09:49 TRACE Graph:52 - [Graph] =============== DONE SORTING
2024-07-13 21:09:49 TRACE Graph:52 - [Graph] ====== SORTED NODES
2024-07-13 21:09:49 TRACE Graph:52 - [Graph] ====== END SORTED NODES
2024-07-13 21:09:49 INFO  Utils:112 - [TestNG] Running:
  F:\OpencartV121\master.xml

2024-07-13 21:13:02 TRACE Graph:52 - [Graph] ADDING NODE TC002_LoginTest.verify_login()[pri:0, instance:testCases.TC002_LoginTest@1021f6c9] -1029416695
2024-07-13 21:13:02 TRACE Graph:52 - [Graph] ================ SORTING
2024-07-13 21:13:02 TRACE Graph:52 - [Graph] =============== DONE SORTING
2024-07-13 21:13:02 TRACE Graph:52 - [Graph] ====== SORTED NODES
2024-07-13 21:13:02 TRACE Graph:52 - [Graph] ====== END SORTED NODES
2024-07-13 21:15:02 DEBUG TestNG:82 - suiteXmlPath: "F:\OpencartV121\master.xml"
2024-07-13 21:15:04 TRACE Graph:52 - [Graph] ADDING NODE BaseClass.setup(java.lang.String,java.lang.String)[pri:0, instance:null] -1422203584
2024-07-13 21:15:04 TRACE Graph:52 - [Graph] ================ SORTING
2024-07-13 21:15:04 TRACE Graph:52 - [Graph] =============== DONE SORTING
2024-07-13 21:15:04 TRACE Graph:52 - [Graph] ====== SORTED NODES
2024-07-13 21:15:04 TRACE Graph:52 - [Graph] ====== END SORTED NODES
2024-07-13 21:15:04 TRACE Graph:52 - [Graph] ADDING NODE BaseClass.tearDown()[pri:0, instance:null] 829687191
2024-07-13 21:15:04 TRACE Graph:52 - [Graph] ================ SORTING
2024-07-13 21:15:04 TRACE Graph:52 - [Graph] =============== DONE SORTING
2024-07-13 21:15:04 TRACE Graph:52 - [Graph] ====== SORTED NODES
2024-07-13 21:15:04 TRACE Graph:52 - [Graph] ====== END SORTED NODES
2024-07-13 21:15:04 TRACE Graph:52 - [Graph] ADDING NODE TC002_LoginTest.verify_login()[pri:0, instance:testCases.TC002_LoginTest@1021f6c9] -1029416695
2024-07-13 21:15:04 TRACE Graph:52 - [Graph] ================ SORTING
2024-07-13 21:15:04 TRACE Graph:52 - [Graph] =============== DONE SORTING
2024-07-13 21:15:04 TRACE Graph:52 - [Graph] ====== SORTED NODES
2024-07-13 21:15:04 TRACE Graph:52 - [Graph] ====== END SORTED NODES
2024-07-13 21:15:04 INFO  Utils:112 - [TestNG] Running:
  F:\OpencartV121\master.xml

2024-07-13 21:18:13 DEBUG TestNG:82 - suiteXmlPath: "F:\OpencartV121\master.xml"
2024-07-13 21:18:15 TRACE Graph:52 - [Graph] ADDING NODE TC002_LoginTest.verify_login()[pri:0, instance:testCases.TC002_LoginTest@1021f6c9] -1029416695
2024-07-13 21:18:15 TRACE Graph:52 - [Graph] ================ SORTING
2024-07-13 21:18:15 TRACE Graph:52 - [Graph] =============== DONE SORTING
2024-07-13 21:18:15 TRACE Graph:52 - [Graph] ====== SORTED NODES
2024-07-13 21:18:15 TRACE Graph:52 - [Graph] ====== END SORTED NODES
2024-07-13 21:18:16 TRACE Graph:52 - [Graph] ADDING NODE BaseClass.setup(java.lang.String,java.lang.String)[pri:0, instance:null] -1422203584
2024-07-13 21:18:16 TRACE Graph:52 - [Graph] ================ SORTING
2024-07-13 21:18:16 TRACE Graph:52 - [Graph] =============== DONE SORTING
2024-07-13 21:18:16 TRACE Graph:52 - [Graph] ====== SORTED NODES
2024-07-13 21:18:16 TRACE Graph:52 - [Graph] ====== END SORTED NODES
2024-07-13 21:18:16 TRACE Graph:52 - [Graph] ADDING NODE BaseClass.tearDown()[pri:0, instance:null] 829687191
2024-07-13 21:18:16 TRACE Graph:52 - [Graph] ================ SORTING
2024-07-13 21:18:16 TRACE Graph:52 - [Graph] =============== DONE SORTING
2024-07-13 21:18:16 TRACE Graph:52 - [Graph] ====== SORTED NODES
2024-07-13 21:18:16 TRACE Graph:52 - [Graph] ====== END SORTED NODES
2024-07-13 21:18:16 TRACE Graph:52 - [Graph] ADDING NODE TC002_LoginTest.verify_login()[pri:0, instance:testCases.TC002_LoginTest@1021f6c9] -1029416695
2024-07-13 21:18:16 TRACE Graph:52 - [Graph] ================ SORTING
2024-07-13 21:18:16 TRACE Graph:52 - [Graph] =============== DONE SORTING
2024-07-13 21:18:16 TRACE Graph:52 - [Graph] ====== SORTED NODES
2024-07-13 21:18:16 TRACE Graph:52 - [Graph] ====== END SORTED NODES
2024-07-13 21:18:16 INFO  Utils:112 - [TestNG] Running:
  F:\OpencartV121\master.xml

2024-07-13 21:21:27 TRACE Graph:52 - [Graph] ADDING NODE TC002_LoginTest.verify_login()[pri:0, instance:testCases.TC002_LoginTest@1021f6c9] -1029416695
2024-07-13 21:21:27 TRACE Graph:52 - [Graph] ================ SORTING
2024-07-13 21:21:27 TRACE Graph:52 - [Graph] =============== DONE SORTING
2024-07-13 21:21:27 TRACE Graph:52 - [Graph] ====== SORTED NODES
2024-07-13 21:21:27 TRACE Graph:52 - [Graph] ====== END SORTED NODES
2024-07-13 22:35:27 DEBUG TestNG:82 - suiteXmlPath: "F:\OpencartV121\master.xml"
2024-07-13 22:35:27 DEBUG TestNG:82 - suiteXmlPath: "F:\OpencartV121\master.xml"
2024-07-13 22:35:27 WARN  TestNG:133 - Ignoring duplicate listener : utilities.ExtentReportManager
2024-07-13 22:35:27 TRACE Graph:52 - [Graph] ADDING NODE BaseClass.setup(java.lang.String,java.lang.String)[pri:0, instance:null] -1422203584
2024-07-13 22:35:27 TRACE Graph:52 - [Graph] ================ SORTING
2024-07-13 22:35:27 TRACE Graph:52 - [Graph] =============== DONE SORTING
2024-07-13 22:35:27 TRACE Graph:52 - [Graph] ====== SORTED NODES
2024-07-13 22:35:27 TRACE Graph:52 - [Graph] ====== END SORTED NODES
2024-07-13 22:35:27 TRACE Graph:52 - [Graph] ADDING NODE BaseClass.tearDown()[pri:0, instance:null] 829687191
2024-07-13 22:35:27 TRACE Graph:52 - [Graph] ================ SORTING
2024-07-13 22:35:27 TRACE Graph:52 - [Graph] =============== DONE SORTING
2024-07-13 22:35:27 TRACE Graph:52 - [Graph] ====== SORTED NODES
2024-07-13 22:35:27 TRACE Graph:52 - [Graph] ====== END SORTED NODES
2024-07-13 22:35:27 TRACE Graph:52 - [Graph] ADDING NODE TC002_LoginTest.verify_login()[pri:0, instance:testCases.TC002_LoginTest@61ce23ac] 340821484
2024-07-13 22:35:27 TRACE Graph:52 - [Graph] ================ SORTING
2024-07-13 22:35:27 TRACE Graph:52 - [Graph] =============== DONE SORTING
2024-07-13 22:35:27 TRACE Graph:52 - [Graph] ====== SORTED NODES
2024-07-13 22:35:27 TRACE Graph:52 - [Graph] ====== END SORTED NODES
2024-07-13 22:35:27 TRACE Graph:52 - [Graph] ADDING NODE BaseClass.setup(java.lang.String,java.lang.String)[pri:0, instance:null] -1422203584
2024-07-13 22:35:27 TRACE Graph:52 - [Graph] ================ SORTING
2024-07-13 22:35:27 TRACE Graph:52 - [Graph] =============== DONE SORTING
2024-07-13 22:35:27 TRACE Graph:52 - [Graph] ====== SORTED NODES
2024-07-13 22:35:27 TRACE Graph:52 - [Graph] ====== END SORTED NODES
2024-07-13 22:35:27 TRACE Graph:52 - [Graph] ADDING NODE BaseClass.tearDown()[pri:0, instance:null] 829687191
2024-07-13 22:35:27 TRACE Graph:52 - [Graph] ================ SORTING
2024-07-13 22:35:27 TRACE Graph:52 - [Graph] =============== DONE SORTING
2024-07-13 22:35:27 TRACE Graph:52 - [Graph] ====== SORTED NODES
2024-07-13 22:35:27 TRACE Graph:52 - [Graph] ====== END SORTED NODES
2024-07-13 22:35:27 TRACE Graph:52 - [Graph] ADDING NODE TC002_LoginTest.verify_login()[pri:0, instance:testCases.TC002_LoginTest@349c1daf] -417431569
2024-07-13 22:35:27 TRACE Graph:52 - [Graph] ================ SORTING
2024-07-13 22:35:27 TRACE Graph:52 - [Graph] =============== DONE SORTING
2024-07-13 22:35:27 TRACE Graph:52 - [Graph] ====== SORTED NODES
2024-07-13 22:35:27 TRACE Graph:52 - [Graph] ====== END SORTED NODES
2024-07-13 22:35:36 TRACE Graph:52 - [Graph] ADDING NODE TC002_LoginTest.verify_login()[pri:0, instance:testCases.TC002_LoginTest@349c1daf] -417431569
2024-07-13 22:35:36 TRACE Graph:52 - [Graph] ================ SORTING
2024-07-13 22:35:36 TRACE Graph:52 - [Graph] =============== DONE SORTING
2024-07-13 22:35:36 TRACE Graph:52 - [Graph] ====== SORTED NODES
2024-07-13 22:35:36 TRACE Graph:52 - [Graph] ====== END SORTED NODES
2024-07-13 22:35:36 TRACE Graph:52 - [Graph] ADDING NODE TC002_LoginTest.verify_login()[pri:0, instance:testCases.TC002_LoginTest@61ce23ac] 340821484
2024-07-13 22:35:36 TRACE Graph:52 - [Graph] ================ SORTING
2024-07-13 22:35:36 TRACE Graph:52 - [Graph] =============== DONE SORTING
2024-07-13 22:35:36 TRACE Graph:52 - [Graph] ====== SORTED NODES
2024-07-13 22:35:36 TRACE Graph:52 - [Graph] ====== END SORTED NODES
2024-07-13 22:37:04 DEBUG TestNG:82 - suiteXmlPath: "F:\OpencartV121\master.xml"
2024-07-13 22:37:04 DEBUG TestNG:82 - suiteXmlPath: "F:\OpencartV121\grouping.xml"
2024-07-13 22:37:04 WARN  TestNG:133 - Ignoring duplicate listener : utilities.ExtentReportManager
2024-07-13 22:37:04 TRACE Graph:52 - [Graph] ADDING NODE BaseClass.setup(java.lang.String,java.lang.String)[pri:0, instance:null] -1422203584
2024-07-13 22:37:04 TRACE Graph:52 - [Graph] ================ SORTING
2024-07-13 22:37:04 TRACE Graph:52 - [Graph] =============== DONE SORTING
2024-07-13 22:37:04 TRACE Graph:52 - [Graph] ====== SORTED NODES
2024-07-13 22:37:04 TRACE Graph:52 - [Graph] ====== END SORTED NODES
2024-07-13 22:37:04 TRACE Graph:52 - [Graph] ADDING NODE BaseClass.tearDown()[pri:0, instance:null] 829687191
2024-07-13 22:37:04 TRACE Graph:52 - [Graph] ================ SORTING
2024-07-13 22:37:04 TRACE Graph:52 - [Graph] =============== DONE SORTING
2024-07-13 22:37:04 TRACE Graph:52 - [Graph] ====== SORTED NODES
2024-07-13 22:37:04 TRACE Graph:52 - [Graph] ====== END SORTED NODES
2024-07-13 22:37:04 TRACE Graph:52 - [Graph] ADDING NODE TC002_LoginTest.verify_login()[pri:0, instance:testCases.TC002_LoginTest@2a5b3fee] -589454802
2024-07-13 22:37:04 TRACE Graph:52 - [Graph] ================ SORTING
2024-07-13 22:37:04 TRACE Graph:52 - [Graph] =============== DONE SORTING
2024-07-13 22:37:04 TRACE Graph:52 - [Graph] ====== SORTED NODES
2024-07-13 22:37:04 TRACE Graph:52 - [Graph] ====== END SORTED NODES
2024-07-13 22:37:04 TRACE Graph:52 - [Graph] ADDING NODE BaseClass.setup(java.lang.String,java.lang.String)[pri:0, instance:null] -1422203584
2024-07-13 22:37:04 TRACE Graph:52 - [Graph] ================ SORTING
2024-07-13 22:37:04 TRACE Graph:52 - [Graph] =============== DONE SORTING
2024-07-13 22:37:04 TRACE Graph:52 - [Graph] ====== SORTED NODES
2024-07-13 22:37:04 TRACE Graph:52 - [Graph] ====== END SORTED NODES
2024-07-13 22:37:04 TRACE Graph:52 - [Graph] ADDING NODE BaseClass.tearDown()[pri:0, instance:null] 829687191
2024-07-13 22:37:04 TRACE Graph:52 - [Graph] ================ SORTING
2024-07-13 22:37:04 TRACE Graph:52 - [Graph] =============== DONE SORTING
2024-07-13 22:37:04 TRACE Graph:52 - [Graph] ====== SORTED NODES
2024-07-13 22:37:04 TRACE Graph:52 - [Graph] ====== END SORTED NODES
2024-07-13 22:37:04 TRACE Graph:52 - [Graph] ADDING NODE BaseClass.setup(java.lang.String,java.lang.String)[pri:0, instance:null] -1422203584
2024-07-13 22:37:04 TRACE Graph:52 - [Graph] ================ SORTING
2024-07-13 22:37:04 TRACE Graph:52 - [Graph] =============== DONE SORTING
2024-07-13 22:37:04 TRACE Graph:52 - [Graph] ====== SORTED NODES
2024-07-13 22:37:04 TRACE Graph:52 - [Graph] ====== END SORTED NODES
2024-07-13 22:37:04 TRACE Graph:52 - [Graph] ADDING NODE BaseClass.tearDown()[pri:0, instance:null] 829687191
2024-07-13 22:37:04 TRACE Graph:52 - [Graph] ================ SORTING
2024-07-13 22:37:04 TRACE Graph:52 - [Graph] =============== DONE SORTING
2024-07-13 22:37:04 TRACE Graph:52 - [Graph] ====== SORTED NODES
2024-07-13 22:37:04 TRACE Graph:52 - [Graph] ====== END SORTED NODES
2024-07-13 22:37:04 TRACE Graph:52 - [Graph] ADDING NODE TC002_LoginTest.verify_login()[pri:0, instance:testCases.TC002_LoginTest@6c5945a7] 517711847
2024-07-13 22:37:04 TRACE Graph:52 - [Graph] ================ SORTING
2024-07-13 22:37:04 TRACE Graph:52 - [Graph] =============== DONE SORTING
2024-07-13 22:37:04 TRACE Graph:52 - [Graph] ====== SORTED NODES
2024-07-13 22:37:04 TRACE Graph:52 - [Graph] ====== END SORTED NODES
2024-07-13 22:37:21 INFO  TC002_LoginTest:16 - ****** Startign TC_002_LoginTest *****
2024-07-13 22:37:25 INFO  TC002_LoginTest:41 - ****** Finished TC_002_LoginTest *****
2024-07-13 22:37:38 INFO  TC002_LoginTest:16 - ****** Startign TC_002_LoginTest *****
2024-07-13 22:37:42 INFO  TC002_LoginTest:41 - ****** Finished TC_002_LoginTest *****
2024-07-13 22:50:28 DEBUG TestNG:82 - suiteXmlPath: "F:\OpencartV121\master.xml"
2024-07-13 22:50:28 DEBUG TestNG:82 - suiteXmlPath: "F:\OpencartV121\grouping.xml"
2024-07-13 22:50:28 WARN  TestNG:133 - Ignoring duplicate listener : utilities.ExtentReportManager
2024-07-13 22:50:28 TRACE Graph:52 - [Graph] ADDING NODE BaseClass.setup(java.lang.String,java.lang.String)[pri:0, instance:null] -1422203584
2024-07-13 22:50:28 TRACE Graph:52 - [Graph] ================ SORTING
2024-07-13 22:50:28 TRACE Graph:52 - [Graph] =============== DONE SORTING
2024-07-13 22:50:28 TRACE Graph:52 - [Graph] ====== SORTED NODES
2024-07-13 22:50:28 TRACE Graph:52 - [Graph] ====== END SORTED NODES
2024-07-13 22:50:28 TRACE Graph:52 - [Graph] ADDING NODE BaseClass.tearDown()[pri:0, instance:null] 829687191
2024-07-13 22:50:28 TRACE Graph:52 - [Graph] ================ SORTING
2024-07-13 22:50:28 TRACE Graph:52 - [Graph] =============== DONE SORTING
2024-07-13 22:50:28 TRACE Graph:52 - [Graph] ====== SORTED NODES
2024-07-13 22:50:28 TRACE Graph:52 - [Graph] ====== END SORTED NODES
2024-07-13 22:50:28 TRACE Graph:52 - [Graph] ADDING NODE TC002_LoginTest.verify_login()[pri:0, instance:testCases.TC002_LoginTest@2a5b3fee] -589454802
2024-07-13 22:50:28 TRACE Graph:52 - [Graph] ================ SORTING
2024-07-13 22:50:28 TRACE Graph:52 - [Graph] =============== DONE SORTING
2024-07-13 22:50:28 TRACE Graph:52 - [Graph] ====== SORTED NODES
2024-07-13 22:50:28 TRACE Graph:52 - [Graph] ====== END SORTED NODES
2024-07-13 22:50:28 TRACE Graph:52 - [Graph] ADDING NODE BaseClass.setup(java.lang.String,java.lang.String)[pri:0, instance:null] -1422203584
2024-07-13 22:50:28 TRACE Graph:52 - [Graph] ================ SORTING
2024-07-13 22:50:28 TRACE Graph:52 - [Graph] =============== DONE SORTING
2024-07-13 22:50:28 TRACE Graph:52 - [Graph] ====== SORTED NODES
2024-07-13 22:50:28 TRACE Graph:52 - [Graph] ====== END SORTED NODES
2024-07-13 22:50:28 TRACE Graph:52 - [Graph] ADDING NODE BaseClass.tearDown()[pri:0, instance:null] 829687191
2024-07-13 22:50:28 TRACE Graph:52 - [Graph] ================ SORTING
2024-07-13 22:50:28 TRACE Graph:52 - [Graph] =============== DONE SORTING
2024-07-13 22:50:28 TRACE Graph:52 - [Graph] ====== SORTED NODES
2024-07-13 22:50:28 TRACE Graph:52 - [Graph] ====== END SORTED NODES
2024-07-13 22:50:28 TRACE Graph:52 - [Graph] ADDING NODE BaseClass.setup(java.lang.String,java.lang.String)[pri:0, instance:null] -1422203584
2024-07-13 22:50:28 TRACE Graph:52 - [Graph] ================ SORTING
2024-07-13 22:50:28 TRACE Graph:52 - [Graph] =============== DONE SORTING
2024-07-13 22:50:28 TRACE Graph:52 - [Graph] ====== SORTED NODES
2024-07-13 22:50:28 TRACE Graph:52 - [Graph] ====== END SORTED NODES
2024-07-13 22:50:28 TRACE Graph:52 - [Graph] ADDING NODE BaseClass.tearDown()[pri:0, instance:null] 829687191
2024-07-13 22:50:28 TRACE Graph:52 - [Graph] ================ SORTING
2024-07-13 22:50:28 TRACE Graph:52 - [Graph] =============== DONE SORTING
2024-07-13 22:50:28 TRACE Graph:52 - [Graph] ====== SORTED NODES
2024-07-13 22:50:28 TRACE Graph:52 - [Graph] ====== END SORTED NODES
2024-07-13 22:50:28 TRACE Graph:52 - [Graph] ADDING NODE TC002_LoginTest.verify_login()[pri:0, instance:testCases.TC002_LoginTest@6c5945a7] 517711847
2024-07-13 22:50:28 TRACE Graph:52 - [Graph] ================ SORTING
2024-07-13 22:50:28 TRACE Graph:52 - [Graph] =============== DONE SORTING
2024-07-13 22:50:28 TRACE Graph:52 - [Graph] ====== SORTED NODES
2024-07-13 22:50:28 TRACE Graph:52 - [Graph] ====== END SORTED NODES
2024-07-13 22:50:37 INFO  TC002_LoginTest:16 - ****** Startign TC_002_LoginTest *****
2024-07-13 22:50:41 INFO  TC002_LoginTest:41 - ****** Finished TC_002_LoginTest *****
2024-07-13 22:50:50 INFO  TC002_LoginTest:16 - ****** Startign TC_002_LoginTest *****
2024-07-13 22:50:54 INFO  TC002_LoginTest:41 - ****** Finished TC_002_LoginTest *****
2024-07-13 22:57:49 DEBUG TestNG:82 - suiteXmlPath: "F:\OpencartV121\master.xml"
2024-07-13 22:57:50 TRACE Graph:52 - [Graph] ADDING NODE BaseClass.setup(java.lang.String,java.lang.String)[pri:0, instance:null] -1422203584
2024-07-13 22:57:50 TRACE Graph:52 - [Graph] ================ SORTING
2024-07-13 22:57:50 TRACE Graph:52 - [Graph] =============== DONE SORTING
2024-07-13 22:57:50 TRACE Graph:52 - [Graph] ====== SORTED NODES
2024-07-13 22:57:50 TRACE Graph:52 - [Graph] ====== END SORTED NODES
2024-07-13 22:57:50 TRACE Graph:52 - [Graph] ADDING NODE BaseClass.tearDown()[pri:0, instance:null] 829687191
2024-07-13 22:57:50 TRACE Graph:52 - [Graph] ================ SORTING
2024-07-13 22:57:50 TRACE Graph:52 - [Graph] =============== DONE SORTING
2024-07-13 22:57:50 TRACE Graph:52 - [Graph] ====== SORTED NODES
2024-07-13 22:57:50 TRACE Graph:52 - [Graph] ====== END SORTED NODES
2024-07-13 22:57:50 TRACE Graph:52 - [Graph] ADDING NODE TC002_LoginTest.verify_login()[pri:0, instance:testCases.TC002_LoginTest@3cc41abc] -280593156
2024-07-13 22:57:50 TRACE Graph:52 - [Graph] ================ SORTING
2024-07-13 22:57:50 TRACE Graph:52 - [Graph] =============== DONE SORTING
2024-07-13 22:57:50 TRACE Graph:52 - [Graph] ====== SORTED NODES
2024-07-13 22:57:50 TRACE Graph:52 - [Graph] ====== END SORTED NODES
2024-07-13 22:57:58 INFO  TC002_LoginTest:16 - ****** Startign TC_002_LoginTest *****
2024-07-13 22:58:01 INFO  TC002_LoginTest:41 - ****** Finished TC_002_LoginTest *****
